<?xml version="1.0" encoding="UTF-8"?>
<testsuite xmlns:xsi="http://www.w3.org/2001/XMLSchema-instance" xsi:noNamespaceSchemaLocation="https://maven.apache.org/surefire/maven-surefire-plugin/xsd/surefire-test-report.xsd" version="3.0.2" name="com.itheima.SpringbootMybatisQuickstartApplicationTests" time="2.353" tests="3" errors="0" skipped="0" failures="0">
  <properties>
[...]
</properties>
  <testcase name="testFindAll" classname="com.itheima.SpringbootMybatisQuickstartApplicationTests" time="1.076">
    <system-out><![CDATA[15:43:08.991 [main] INFO org.springframework.test.context.support.AnnotationConfigContextLoaderUtils -- Could not detect default configuration classes for test class [com.itheima.SpringbootMybatisQuickstartApplicationTests]: SpringbootMybatisQuickstartApplicationTests does not declare any static, non-private, non-final, nested classes annotated with @Configuration.
15:43:09.081 [main] INFO org.springframework.boot.test.context.SpringBootTestContextBootstrapper -- Found @SpringBootConfiguration com.itheima.SpringbootMybatisQuickstartApplication for test class com.itheima.SpringbootMybatisQuickstartApplicationTests

  .   ____          _            __ _ _
 /\\ / ___'_ __ _ _(_)_ __  __ _ \ \ \ \
( ( )\___ | '_ | '_| | '_ \/ _` | \ \ \ \
 \\/  ___)| |_)| | | | | || (_| |  ) ) ) )
  '  |____| .__|_| |_|_| |_\__, | / / / /
 =========|_|==============|___/=/_/_/_/

 :: Spring Boot ::                (v3.4.0)

2024-12-11T15:43:09.409+08:00  INFO 2444 --- [springboot-mybatis-quickstart] [           main] ingbootMybatisQuickstartApplicationTests : Starting SpringbootMybatisQuickstartApplicationTests using Java 23 with PID 2444 (started by 20743 in D:\Hang-code\JavaWeb\web-ai-project01\springboot-mybatis-quickstart)
2024-12-11T15:43:09.410+08:00  INFO 2444 --- [springboot-mybatis-quickstart] [           main] ingbootMybatisQuickstartApplicationTests : No active profile set, falling back to 1 default profile: "default"
Logging initialized using 'class org.apache.ibatis.logging.stdout.StdOutImpl' adapter.
2024-12-11T15:43:10.115+08:00  INFO 2444 --- [springboot-mybatis-quickstart] [           main] ingbootMybatisQuickstartApplicationTests : Started SpringbootMybatisQuickstartApplicationTests in 0.922 seconds (process running for 1.85)
Creating a new SqlSession
SqlSession [org.apache.ibatis.session.defaults.DefaultSqlSession@256bb5be] was not registered for synchronization because synchronization is not active
2024-12-11T15:43:10.792+08:00  INFO 2444 --- [springboot-mybatis-quickstart] [           main] com.zaxxer.hikari.HikariDataSource       : HikariPool-1 - Starting...
2024-12-11T15:43:11.123+08:00  INFO 2444 --- [springboot-mybatis-quickstart] [           main] com.zaxxer.hikari.pool.HikariPool        : HikariPool-1 - Added connection com.mysql.cj.jdbc.ConnectionImpl@77e9dca8
2024-12-11T15:43:11.125+08:00  INFO 2444 --- [springboot-mybatis-quickstart] [           main] com.zaxxer.hikari.HikariDataSource       : HikariPool-1 - Start completed.
JDBC Connection [HikariProxyConnection@1096296601 wrapping com.mysql.cj.jdbc.ConnectionImpl@77e9dca8] will not be managed by Spring
==>  Preparing: select * from user
==> Parameters: 
<==    Columns: id, username, password, name, age
<==        Row: 1, daqiao, 123456, 大乔, 25
<==        Row: 2, xiaoqiao, 123456, 小乔, 18
<==        Row: 3, diaochan, 123456, 貂蝉, 24
<==        Row: 6, root, 123456, root, 18
<==      Total: 4
Closing non transactional SqlSession [org.apache.ibatis.session.defaults.DefaultSqlSession@256bb5be]
User{id=1, username='daqiao', password='123456', name='大乔', age=25}
User{id=2, username='xiaoqiao', password='123456', name='小乔', age=18}
User{id=3, username='diaochan', password='123456', name='貂蝉', age=24}
User{id=6, username='root', password='123456', name='root', age=18}
]]></system-out>
    <system-err><![CDATA[Mockito is currently self-attaching to enable the inline-mock-maker. This will no longer work in future releases of the JDK. Please add Mockito as an agent to your build what is described in Mockito's documentation: https://javadoc.io/doc/org.mockito/mockito-core/latest/org/mockito/Mockito.html#0.3
WARNING: A Java agent has been loaded dynamically (D:\apache-maven-3.9.9\mvn_repo\net\bytebuddy\byte-buddy-agent\1.15.10\byte-buddy-agent-1.15.10.jar)
WARNING: If a serviceability tool is in use, please run with -XX:+EnableDynamicAgentLoading to hide this warning
WARNING: If a serviceability tool is not in use, please run with -Djdk.instrument.traceUsage for more information
WARNING: Dynamic loading of agents will be disallowed by default in a future release
]]></system-err>
  </testcase>
  <testcase name="testDeleteById" classname="com.itheima.SpringbootMybatisQuickstartApplicationTests" time="0.006">
    <system-out><![CDATA[Creating a new SqlSession
SqlSession [org.apache.ibatis.session.defaults.DefaultSqlSession@3d235635] was not registered for synchronization because synchronization is not active
JDBC Connection [HikariProxyConnection@2067426965 wrapping com.mysql.cj.jdbc.ConnectionImpl@77e9dca8] will not be managed by Spring
==>  Preparing: delete from user where id = ?
==> Parameters: 5(Integer)
<==    Updates: 0
Closing non transactional SqlSession [org.apache.ibatis.session.defaults.DefaultSqlSession@3d235635]
执行完毕，影响的记录数：0
]]></system-out>
  </testcase>
  <testcase name="testInsert" classname="com.itheima.SpringbootMybatisQuickstartApplicationTests" time="0.011">
    <system-out><![CDATA[Creating a new SqlSession
SqlSession [org.apache.ibatis.session.defaults.DefaultSqlSession@4dd1d2bb] was not registered for synchronization because synchronization is not active
JDBC Connection [HikariProxyConnection@1192854820 wrapping com.mysql.cj.jdbc.ConnectionImpl@77e9dca8] will not be managed by Spring
==>  Preparing: insert into user(username, password, name, age) VALUES (?, ?, ?, ?)
==> Parameters: 537(String), 778778(String), 乌萨奇(String), 17(Integer)
<==    Updates: 1
Closing non transactional SqlSession [org.apache.ibatis.session.defaults.DefaultSqlSession@4dd1d2bb]
]]></system-out>
  </testcase>
</testsuite>